<?xml version="1.0" encoding="UTF-8"?>
<!-- Generated by org.testng.reporters.JUnitXMLReporter -->
<testsuite ignored="0" hostname="LAPTOP-UTHPB8F5" failures="0" tests="2" name="Test" time="0.134" errors="0" timestamp="2023-05-18T21:13:28 IST">
  <testcase classname="tests.BaseTest" name="@BeforeSuite init" time="8.078">
    <failure type="org.openqa.selenium.remote.http.ConnectionFailedException" message="Unable to establish websocket connection to http://localhost:59512/devtools/browser/c0f8c543-e4fc-400e-814a-b579e889c1b6
Build info: version: &amp;apos;4.4.0&amp;apos;, revision: &amp;apos;e5c75ed026a&amp;apos;
System info: host: &amp;apos;LAPTOP-UTHPB8F5&amp;apos;, ip: &amp;apos;127.0.0.1&amp;apos;, os.name: &amp;apos;Windows 10&amp;apos;, os.arch: &amp;apos;amd64&amp;apos;, os.version: &amp;apos;10.0&amp;apos;, java.version: &amp;apos;19.0.1&amp;apos;
Driver info: driver.version: ChromeDriver">
      <![CDATA[org.openqa.selenium.remote.http.ConnectionFailedException: Unable to establish websocket connection to http://localhost:59512/devtools/browser/c0f8c543-e4fc-400e-814a-b579e889c1b6
Build info: version: '4.4.0', revision: 'e5c75ed026a'
System info: host: 'LAPTOP-UTHPB8F5', ip: '127.0.0.1', os.name: 'Windows 10', os.arch: 'amd64', os.version: '10.0', java.version: '19.0.1'
Driver info: driver.version: ChromeDriver
at org.openqa.selenium.remote.http.netty.NettyWebSocket.<init>(NettyWebSocket.java:102)
at org.openqa.selenium.remote.http.netty.NettyWebSocket.lambda$create$3(NettyWebSocket.java:128)
at org.openqa.selenium.remote.http.netty.NettyClient.openSocket(NettyClient.java:106)
at org.openqa.selenium.devtools.Connection.<init>(Connection.java:77)
at org.openqa.selenium.chromium.ChromiumDriver.lambda$new$2(ChromiumDriver.java:116)
at java.base/java.util.Optional.map(Optional.java:260)
at org.openqa.selenium.chromium.ChromiumDriver.<init>(ChromiumDriver.java:114)
at org.openqa.selenium.chrome.ChromeDriver.<init>(ChromeDriver.java:81)
at org.openqa.selenium.chrome.ChromeDriver.<init>(ChromeDriver.java:49)
at tests.BaseTest.init(BaseTest.java:27)
... Removed 17 stack frames]]>
    </failure>
  </testcase> <!-- @BeforeSuite init -->
  <testcase classname="tests.HomeTest" name="@BeforeClass objectCreation" time="-1.6844246083E9">
    <skipped/>
  </testcase> <!-- @BeforeClass objectCreation -->
  <testcase classname="tests.HomeTest" name="@BeforeClass precondition" time="-1.684424608303E9">
    <skipped/>
  </testcase> <!-- @BeforeClass precondition -->
  <testcase classname="tests.HomeTest" name="logout" time="0.0">
    <skipped/>
  </testcase> <!-- logout -->
  <testcase classname="tests.HomeTest" name="verifyTitle" time="0.0">
    <skipped/>
  </testcase> <!-- verifyTitle -->
</testsuite> <!-- Test -->
